0 info it worked if it ends with ok
1 verbose cli [ 'C:\\Program Files\\nodejs\\node.exe',
1 verbose cli   'C:\\Program Files\\nodejs\\node_modules\\npm\\bin\\npm-cli.js',
1 verbose cli   'start' ]
2 info using npm@4.0.5
3 info using node@v7.4.0
4 verbose run-script [ 'prestart', 'start', 'poststart' ]
5 info lifecycle sentinel_monitor@0.1.0~prestart: sentinel_monitor@0.1.0
6 silly lifecycle sentinel_monitor@0.1.0~prestart: no script for prestart, continuing
7 info lifecycle sentinel_monitor@0.1.0~start: sentinel_monitor@0.1.0
8 verbose lifecycle sentinel_monitor@0.1.0~start: unsafe-perm in lifecycle true
9 verbose lifecycle sentinel_monitor@0.1.0~start: PATH: C:\Program Files\nodejs\node_modules\npm\bin\node-gyp-bin;C:\Users\CFI\Google Drive\Master thesis\sentinelMonitor\node_modules\.bin;C:\ProgramData\Oracle\Java\javapath;C:\Python27\;C:\Python27\Scripts;C:\Program Files (x86)\Intel\iCLS Client\;C:\Program Files\Intel\iCLS Client\;C:\Windows\system32;C:\Windows;C:\Windows\System32\Wbem;C:\Windows\System32\WindowsPowerShell\v1.0\;C:\Program Files (x86)\Intel\Intel(R) Management Engine Components\DAL;C:\Program Files\Intel\Intel(R) Management Engine Components\DAL;C:\Program Files (x86)\Intel\Intel(R) Management Engine Components\IPT;C:\Program Files\Intel\Intel(R) Management Engine Components\IPT;C:\Program Files\Intel\WiFi\bin\;C:\Program Files\Common Files\Intel\WirelessCommon\;C:\Program Files (x86)\Lenovo\Access Connections\;C:\Program Files\nodejs\;C:\Program Files\Git\cmd;C:\Program Files (x86)\Microsoft SQL Server\Client SDK\ODBC\130\Tools\Binn\;C:\Program Files (x86)\Microsoft SQL Server\130\Tools\Binn\;C:\Program Files (x86)\Microsoft SQL Server\130\DTS\Binn\;C:\Program Files (x86)\Microsoft SQL Server\130\Tools\Binn\ManagementStudio\;C:\Users\CFI\AppData\Local\Programs\Python\Python36-32\Scripts\;C:\Users\CFI\AppData\Local\Programs\Python\Python36-32\;C:\Program Files\Intel\WiFi\bin\;C:\Program Files\Common Files\Intel\WirelessCommon\;C:\Users\CFI\AppData\Roaming\npm;C:\Users\CFI\AppData\Local\atom\bin
10 verbose lifecycle sentinel_monitor@0.1.0~start: CWD: C:\Users\CFI\Google Drive\Master thesis\sentinelMonitor
11 silly lifecycle sentinel_monitor@0.1.0~start: Args: [ '/d /s /c', 'node src/app.js' ]
12 silly lifecycle sentinel_monitor@0.1.0~start: Returned: code: 1  signal: null
13 info lifecycle sentinel_monitor@0.1.0~start: Failed to exec start script
14 verbose stack Error: sentinel_monitor@0.1.0 start: `node src/app.js`
14 verbose stack Exit status 1
14 verbose stack     at EventEmitter.<anonymous> (C:\Program Files\nodejs\node_modules\npm\lib\utils\lifecycle.js:279:16)
14 verbose stack     at emitTwo (events.js:106:13)
14 verbose stack     at EventEmitter.emit (events.js:191:7)
14 verbose stack     at ChildProcess.<anonymous> (C:\Program Files\nodejs\node_modules\npm\lib\utils\spawn.js:40:14)
14 verbose stack     at emitTwo (events.js:106:13)
14 verbose stack     at ChildProcess.emit (events.js:191:7)
14 verbose stack     at maybeClose (internal/child_process.js:885:16)
14 verbose stack     at Process.ChildProcess._handle.onexit (internal/child_process.js:226:5)
15 verbose pkgid sentinel_monitor@0.1.0
16 verbose cwd C:\Users\CFI\Google Drive\Master thesis\sentinelMonitor
17 error Windows_NT 6.1.7601
18 error argv "C:\\Program Files\\nodejs\\node.exe" "C:\\Program Files\\nodejs\\node_modules\\npm\\bin\\npm-cli.js" "start"
19 error node v7.4.0
20 error npm  v4.0.5
21 error code ELIFECYCLE
22 error sentinel_monitor@0.1.0 start: `node src/app.js`
22 error Exit status 1
23 error Failed at the sentinel_monitor@0.1.0 start script 'node src/app.js'.
23 error Make sure you have the latest version of node.js and npm installed.
23 error If you do, this is most likely a problem with the sentinel_monitor package,
23 error not with npm itself.
23 error Tell the author that this fails on your system:
23 error     node src/app.js
23 error You can get information on how to open an issue for this project with:
23 error     npm bugs sentinel_monitor
23 error Or if that isn't available, you can get their info via:
23 error     npm owner ls sentinel_monitor
23 error There is likely additional logging output above.
24 verbose exit [ 1, true ]
